-------------------------------------------------------------------------------
Test set: com.lagou.springbootdemo5.Springbootdemo5ApplicationTests
-------------------------------------------------------------------------------
Tests run: 1, Failures: 0, Errors: 1, Skipped: 0, Time elapsed: 0.277 s <<< FAILURE! - in com.lagou.springbootdemo5.Springbootdemo5ApplicationTests
com.lagou.springbootdemo5.Springbootdemo5ApplicationTests  Time elapsed: 0.276 s  <<< ERROR!
java.lang.IllegalStateException: Unable to find a @SpringBootConfiguration, you need to use @ContextConfiguration or @SpringBootTest(classes=...) with your test

