<?xml version="1.0" encoding="UTF-8"?>
<testsuite xmlns:xsi="http://www.w3.org/2001/XMLSchema-instance" xsi:noNamespaceSchemaLocation="https://maven.apache.org/surefire/maven-surefire-plugin/xsd/surefire-test-report.xsd" name="com.lagou.springbootdemo5.Springbootdemo5ApplicationTests" time="0.277" tests="1" errors="1" skipped="0" failures="0">
  <properties>
[...]
</properties>
  <testcase name="com.lagou.springbootdemo5.Springbootdemo5ApplicationTests" classname="com.lagou.springbootdemo5.Springbootdemo5ApplicationTests" time="0.276">
    <error message="Unable to find a @SpringBootConfiguration, you need to use @ContextConfiguration or @SpringBootTest(classes=...) with your test" type="java.lang.IllegalStateException">java.lang.IllegalStateException: Unable to find a @SpringBootConfiguration, you need to use @ContextConfiguration or @SpringBootTest(classes=...) with your test
</error>
    <system-out><![CDATA[14:36:22.664 [main] DEBUG org.springframework.test.context.BootstrapUtils - Instantiating CacheAwareContextLoaderDelegate from class [org.springframework.test.context.cache.DefaultCacheAwareContextLoaderDelegate]
14:36:22.673 [main] DEBUG org.springframework.test.context.BootstrapUtils - Instantiating BootstrapContext using constructor [public org.springframework.test.context.support.DefaultBootstrapContext(java.lang.Class,org.springframework.test.context.CacheAwareContextLoaderDelegate)]
14:36:22.694 [main] DEBUG org.springframework.test.context.BootstrapUtils - Instantiating TestContextBootstrapper for test class [com.lagou.springbootdemo5.Springbootdemo5ApplicationTests] from class [org.springframework.boot.test.context.SpringBootTestContextBootstrapper]
14:36:22.706 [main] INFO org.springframework.boot.test.context.SpringBootTestContextBootstrapper - Neither @ContextConfiguration nor @ContextHierarchy found for test class [com.lagou.springbootdemo5.Springbootdemo5ApplicationTests], using SpringBootContextLoader
14:36:22.709 [main] DEBUG org.springframework.test.context.support.AbstractContextLoader - Did not detect default resource location for test class [com.lagou.springbootdemo5.Springbootdemo5ApplicationTests]: class path resource [com/lagou/springbootdemo5/Springbootdemo5ApplicationTests-context.xml] does not exist
14:36:22.710 [main] DEBUG org.springframework.test.context.support.AbstractContextLoader - Did not detect default resource location for test class [com.lagou.springbootdemo5.Springbootdemo5ApplicationTests]: class path resource [com/lagou/springbootdemo5/Springbootdemo5ApplicationTestsContext.groovy] does not exist
14:36:22.710 [main] INFO org.springframework.test.context.support.AbstractContextLoader - Could not detect default resource locations for test class [com.lagou.springbootdemo5.Springbootdemo5ApplicationTests]: no resource found for suffixes {-context.xml, Context.groovy}.
14:36:22.711 [main] INFO org.springframework.test.context.support.AnnotationConfigContextLoaderUtils - Could not detect default configuration classes for test class [com.lagou.springbootdemo5.Springbootdemo5ApplicationTests]: Springbootdemo5ApplicationTests does not declare any static, non-private, non-final, nested classes annotated with @Configuration.
14:36:22.749 [main] DEBUG org.springframework.test.context.support.ActiveProfilesUtils - Could not find an 'annotation declaring class' for annotation type [org.springframework.test.context.ActiveProfiles] and class [com.lagou.springbootdemo5.Springbootdemo5ApplicationTests]
14:36:22.804 [main] DEBUG org.springframework.test.context.BootstrapUtils - Instantiating CacheAwareContextLoaderDelegate from class [org.springframework.test.context.cache.DefaultCacheAwareContextLoaderDelegate]
14:36:22.804 [main] DEBUG org.springframework.test.context.BootstrapUtils - Instantiating BootstrapContext using constructor [public org.springframework.test.context.support.DefaultBootstrapContext(java.lang.Class,org.springframework.test.context.CacheAwareContextLoaderDelegate)]
14:36:22.804 [main] DEBUG org.springframework.test.context.BootstrapUtils - Instantiating TestContextBootstrapper for test class [com.lagou.springbootdemo5.Springbootdemo5ApplicationTests] from class [org.springframework.boot.test.context.SpringBootTestContextBootstrapper]
14:36:22.805 [main] INFO org.springframework.boot.test.context.SpringBootTestContextBootstrapper - Neither @ContextConfiguration nor @ContextHierarchy found for test class [com.lagou.springbootdemo5.Springbootdemo5ApplicationTests], using SpringBootContextLoader
14:36:22.806 [main] DEBUG org.springframework.test.context.support.AbstractContextLoader - Did not detect default resource location for test class [com.lagou.springbootdemo5.Springbootdemo5ApplicationTests]: class path resource [com/lagou/springbootdemo5/Springbootdemo5ApplicationTests-context.xml] does not exist
14:36:22.806 [main] DEBUG org.springframework.test.context.support.AbstractContextLoader - Did not detect default resource location for test class [com.lagou.springbootdemo5.Springbootdemo5ApplicationTests]: class path resource [com/lagou/springbootdemo5/Springbootdemo5ApplicationTestsContext.groovy] does not exist
14:36:22.806 [main] INFO org.springframework.test.context.support.AbstractContextLoader - Could not detect default resource locations for test class [com.lagou.springbootdemo5.Springbootdemo5ApplicationTests]: no resource found for suffixes {-context.xml, Context.groovy}.
14:36:22.806 [main] INFO org.springframework.test.context.support.AnnotationConfigContextLoaderUtils - Could not detect default configuration classes for test class [com.lagou.springbootdemo5.Springbootdemo5ApplicationTests]: Springbootdemo5ApplicationTests does not declare any static, non-private, non-final, nested classes annotated with @Configuration.
14:36:22.808 [main] DEBUG org.springframework.test.context.support.ActiveProfilesUtils - Could not find an 'annotation declaring class' for annotation type [org.springframework.test.context.ActiveProfiles] and class [com.lagou.springbootdemo5.Springbootdemo5ApplicationTests]
14:36:22.834 [main] DEBUG org.springframework.test.context.BootstrapUtils - Instantiating CacheAwareContextLoaderDelegate from class [org.springframework.test.context.cache.DefaultCacheAwareContextLoaderDelegate]
14:36:22.835 [main] DEBUG org.springframework.test.context.BootstrapUtils - Instantiating BootstrapContext using constructor [public org.springframework.test.context.support.DefaultBootstrapContext(java.lang.Class,org.springframework.test.context.CacheAwareContextLoaderDelegate)]
14:36:22.835 [main] DEBUG org.springframework.test.context.BootstrapUtils - Instantiating TestContextBootstrapper for test class [com.lagou.springbootdemo5.Springbootdemo5ApplicationTests] from class [org.springframework.boot.test.context.SpringBootTestContextBootstrapper]
14:36:22.836 [main] INFO org.springframework.boot.test.context.SpringBootTestContextBootstrapper - Neither @ContextConfiguration nor @ContextHierarchy found for test class [com.lagou.springbootdemo5.Springbootdemo5ApplicationTests], using SpringBootContextLoader
14:36:22.837 [main] DEBUG org.springframework.test.context.support.AbstractContextLoader - Did not detect default resource location for test class [com.lagou.springbootdemo5.Springbootdemo5ApplicationTests]: class path resource [com/lagou/springbootdemo5/Springbootdemo5ApplicationTests-context.xml] does not exist
14:36:22.839 [main] DEBUG org.springframework.test.context.support.AbstractContextLoader - Did not detect default resource location for test class [com.lagou.springbootdemo5.Springbootdemo5ApplicationTests]: class path resource [com/lagou/springbootdemo5/Springbootdemo5ApplicationTestsContext.groovy] does not exist
14:36:22.839 [main] INFO org.springframework.test.context.support.AbstractContextLoader - Could not detect default resource locations for test class [com.lagou.springbootdemo5.Springbootdemo5ApplicationTests]: no resource found for suffixes {-context.xml, Context.groovy}.
14:36:22.839 [main] INFO org.springframework.test.context.support.AnnotationConfigContextLoaderUtils - Could not detect default configuration classes for test class [com.lagou.springbootdemo5.Springbootdemo5ApplicationTests]: Springbootdemo5ApplicationTests does not declare any static, non-private, non-final, nested classes annotated with @Configuration.
14:36:22.841 [main] DEBUG org.springframework.test.context.support.ActiveProfilesUtils - Could not find an 'annotation declaring class' for annotation type [org.springframework.test.context.ActiveProfiles] and class [com.lagou.springbootdemo5.Springbootdemo5ApplicationTests]
]]></system-out>
  </testcase>
</testsuite>